<?xml version="1.0" encoding="UTF-8"?>
<!-- Generated by org.testng.reporters.JUnitXMLReporter -->
<testsuite ignored="0" hostname="DESKTOP-I0SN7QT" failures="1" tests="1" name="Default test(failed)" time="43.777" errors="0" timestamp="2022-06-20T14:16:26 IST">
  <testcase classname="TEST.ZerodhaAddStock" name="addAnyStockInWatchList" time="23.426">
    <failure type="java.lang.AssertionError" message="The following asserts failed:
	expected [TATAMOTORS AUG FUT] but found []">
      <![CDATA[java.lang.AssertionError: The following asserts failed:
expected [TATAMOTORS AUG FUT] but found []
at TEST.ZerodhaAddStock.addAnyStockInWatchList(ZerodhaAddStock.java:76)
at java.base/java.util.ArrayList.forEach(ArrayList.java:1511)
... Removed 27 stack frames]]>
    </failure>
  </testcase> <!-- addAnyStockInWatchList -->
</testsuite> <!-- Default test(failed) -->
